2023-09-24 19:52:23,602 - INFO - class Pokemon: 1 succefully created !
2023-09-24 19:52:23,858 - INFO - Success: bulbasaur sprites Added !
2023-09-24 19:52:23,966 - INFO - class Pokemon: 2 succefully created !
2023-09-24 19:52:24,252 - INFO - Success: ivysaur sprites Added !
2023-09-24 19:52:24,357 - INFO - class Pokemon: 3 succefully created !
2023-09-24 19:52:24,541 - INFO - Success: venusaur sprites Added !
2023-09-24 19:52:24,654 - INFO - class Pokemon: 4 succefully created !
2023-09-24 19:52:24,878 - INFO - Success: charmander sprites Added !
2023-09-24 19:52:24,982 - INFO - class Pokemon: 5 succefully created !
2023-09-24 19:52:25,276 - INFO - Success: charmeleon sprites Added !
2023-09-24 19:52:25,381 - INFO - class Pokemon: 6 succefully created !
2023-09-24 19:52:25,629 - INFO - Success: charizard sprites Added !
2023-09-24 19:52:25,728 - INFO - class Pokemon: 7 succefully created !
2023-09-24 19:52:25,908 - INFO - Success: squirtle sprites Added !
2023-09-24 19:52:26,011 - INFO - class Pokemon: 8 succefully created !
2023-09-24 19:52:26,188 - INFO - Success: wartortle sprites Added !
2023-09-24 19:52:26,294 - INFO - class Pokemon: 9 succefully created !
2023-09-24 19:52:26,481 - INFO - Success: blastoise sprites Added !
2023-09-24 19:52:26,576 - INFO - class Pokemon: 10 succefully created !
2023-09-24 19:52:26,823 - INFO - Success: caterpie sprites Added !
2023-09-24 19:52:26,915 - INFO - class Pokemon: 11 succefully created !
2023-09-24 19:52:27,095 - INFO - Success: metapod sprites Added !
2023-09-24 19:52:27,192 - INFO - class Pokemon: 12 succefully created !
2023-09-24 19:52:27,365 - INFO - Success: butterfree sprites Added !
2023-09-24 19:52:27,459 - INFO - class Pokemon: 13 succefully created !
2023-09-24 19:52:27,540 - INFO - Success: weedle sprites Added !
2023-09-24 19:52:27,632 - INFO - class Pokemon: 14 succefully created !
2023-09-24 19:52:27,811 - INFO - Success: kakuna sprites Added !
2023-09-24 19:52:27,897 - INFO - class Pokemon: 15 succefully created !
2023-09-24 19:52:28,081 - INFO - Success: beedrill sprites Added !
2023-09-24 19:52:28,282 - INFO - class Pokemon: 16 succefully created !
2023-09-24 19:52:28,518 - INFO - Success: pidgey sprites Added !
2023-09-24 19:52:28,620 - INFO - class Pokemon: 17 succefully created !
2023-09-24 19:52:28,962 - INFO - Success: pidgeotto sprites Added !
2023-09-24 19:52:29,055 - INFO - class Pokemon: 18 succefully created !
2023-09-24 19:52:29,225 - INFO - Success: pidgeot sprites Added !
2023-09-24 19:52:29,327 - INFO - class Pokemon: 19 succefully created !
2023-09-24 19:52:29,679 - INFO - Success: rattata sprites Added !
2023-09-24 19:52:29,774 - INFO - class Pokemon: 20 succefully created !
2023-09-24 19:52:29,961 - INFO - Success: raticate sprites Added !
2023-09-24 19:52:30,061 - INFO - class Pokemon: 21 succefully created !
2023-09-24 19:52:30,394 - INFO - Success: spearow sprites Added !
2023-09-24 19:52:30,530 - INFO - class Pokemon: 22 succefully created !
2023-09-24 19:52:30,714 - INFO - Success: fearow sprites Added !
2023-09-24 19:52:30,818 - INFO - class Pokemon: 23 succefully created !
2023-09-24 19:52:31,113 - INFO - Success: ekans sprites Added !
2023-09-24 19:52:31,215 - INFO - class Pokemon: 24 succefully created !
2023-09-24 19:52:31,398 - INFO - Success: arbok sprites Added !
2023-09-24 19:52:31,511 - INFO - class Pokemon: 25 succefully created !
2023-09-24 19:52:31,703 - INFO - Success: pikachu sprites Added !
2023-09-24 19:52:31,815 - INFO - class Pokemon: 26 succefully created !
2023-09-24 19:52:32,040 - INFO - Success: raichu sprites Added !
2023-09-24 19:52:32,144 - INFO - class Pokemon: 27 succefully created !
2023-09-24 19:52:32,422 - INFO - Success: sandshrew sprites Added !
2023-09-24 19:52:32,514 - INFO - class Pokemon: 28 succefully created !
2023-09-24 19:52:32,855 - INFO - Success: sandslash sprites Added !
2023-09-24 19:52:32,950 - INFO - class Pokemon: 29 succefully created !
2023-09-24 19:52:33,265 - INFO - Success: nidoran-f sprites Added !
2023-09-24 19:52:33,370 - INFO - class Pokemon: 30 succefully created !
2023-09-24 19:52:33,571 - INFO - Success: nidorina sprites Added !
2023-09-24 19:52:33,668 - INFO - class Pokemon: 31 succefully created !
2023-09-24 19:52:33,843 - INFO - Success: nidoqueen sprites Added !
2023-09-24 19:52:33,949 - INFO - class Pokemon: 32 succefully created !
2023-09-24 19:52:34,287 - INFO - Success: nidoran-m sprites Added !
2023-09-24 19:52:34,378 - INFO - class Pokemon: 33 succefully created !
2023-09-24 19:52:34,606 - INFO - Success: nidorino sprites Added !
2023-09-24 19:52:34,734 - INFO - class Pokemon: 34 succefully created !
2023-09-24 19:52:34,902 - INFO - Success: nidoking sprites Added !
2023-09-24 19:52:35,010 - INFO - class Pokemon: 35 succefully created !
2023-09-24 19:52:35,187 - INFO - Success: clefairy sprites Added !
2023-09-24 19:52:35,300 - INFO - class Pokemon: 36 succefully created !
2023-09-24 19:52:35,534 - INFO - Success: clefable sprites Added !
2023-09-24 19:52:35,630 - INFO - class Pokemon: 37 succefully created !
2023-09-24 19:52:35,841 - INFO - Success: vulpix sprites Added !
2023-09-24 19:52:35,941 - INFO - class Pokemon: 38 succefully created !
2023-09-24 19:52:36,234 - INFO - Success: ninetales sprites Added !
2023-09-24 19:52:36,338 - INFO - class Pokemon: 39 succefully created !
2023-09-24 19:52:36,518 - INFO - Success: jigglypuff sprites Added !
2023-09-24 19:52:36,715 - INFO - class Pokemon: 40 succefully created !
2023-09-24 19:52:36,894 - INFO - Success: wigglytuff sprites Added !
2023-09-24 19:52:36,988 - INFO - class Pokemon: 41 succefully created !
2023-09-24 19:52:37,180 - INFO - Success: zubat sprites Added !
2023-09-24 19:52:37,267 - INFO - class Pokemon: 42 succefully created !
2023-09-24 19:52:37,564 - INFO - Success: golbat sprites Added !
2023-09-24 19:52:37,758 - INFO - class Pokemon: 43 succefully created !
2023-09-24 19:52:37,945 - INFO - Success: oddish sprites Added !
2023-09-24 19:52:38,043 - INFO - class Pokemon: 44 succefully created !
2023-09-24 19:52:38,306 - INFO - Success: gloom sprites Added !
2023-09-24 19:52:38,402 - INFO - class Pokemon: 45 succefully created !
2023-09-24 19:52:38,584 - INFO - Success: vileplume sprites Added !
2023-09-24 19:52:38,697 - INFO - class Pokemon: 46 succefully created !
2023-09-24 19:52:38,877 - INFO - Success: paras sprites Added !
2023-09-24 19:52:38,976 - INFO - class Pokemon: 47 succefully created !
2023-09-24 19:52:39,202 - INFO - Success: parasect sprites Added !
2023-09-24 19:52:39,310 - INFO - class Pokemon: 48 succefully created !
2023-09-24 19:52:39,490 - INFO - Success: venonat sprites Added !
2023-09-24 19:52:39,678 - INFO - class Pokemon: 49 succefully created !
2023-09-24 19:52:39,859 - INFO - Success: venomoth sprites Added !
2023-09-24 19:52:39,962 - INFO - class Pokemon: 50 succefully created !
2023-09-24 19:52:40,146 - INFO - Success: diglett sprites Added !
2023-09-24 19:52:40,243 - INFO - class Pokemon: 51 succefully created !
2023-09-24 19:52:40,535 - INFO - Success: dugtrio sprites Added !
2023-09-24 19:52:40,646 - INFO - class Pokemon: 52 succefully created !
2023-09-24 19:52:40,854 - INFO - Success: meowth sprites Added !
2023-09-24 19:52:40,946 - INFO - class Pokemon: 53 succefully created !
2023-09-24 19:52:41,119 - INFO - Success: persian sprites Added !
2023-09-24 19:52:41,225 - INFO - class Pokemon: 54 succefully created !
2023-09-24 19:52:41,401 - INFO - Success: psyduck sprites Added !
2023-09-24 19:52:41,504 - INFO - class Pokemon: 55 succefully created !
2023-09-24 19:52:41,665 - INFO - Success: golduck sprites Added !
2023-09-24 19:52:41,770 - INFO - class Pokemon: 56 succefully created !
2023-09-24 19:52:41,948 - INFO - Success: mankey sprites Added !
2023-09-24 19:52:42,160 - INFO - class Pokemon: 57 succefully created !
2023-09-24 19:52:42,233 - INFO - Success: primeape sprites Added !
2023-09-24 19:52:42,342 - INFO - class Pokemon: 58 succefully created !
2023-09-24 19:52:42,523 - INFO - Success: growlithe sprites Added !
2023-09-24 19:52:42,624 - INFO - class Pokemon: 59 succefully created !
2023-09-24 19:52:42,832 - INFO - Success: arcanine sprites Added !
2023-09-24 19:52:42,937 - INFO - class Pokemon: 60 succefully created !
2023-09-24 19:52:43,196 - INFO - Success: poliwag sprites Added !
2023-09-24 19:52:43,391 - INFO - class Pokemon: 61 succefully created !
2023-09-24 19:52:43,580 - INFO - Success: poliwhirl sprites Added !
2023-09-24 19:52:43,678 - INFO - class Pokemon: 62 succefully created !
2023-09-24 19:52:43,859 - INFO - Success: poliwrath sprites Added !
2023-09-24 19:52:43,957 - INFO - class Pokemon: 63 succefully created !
2023-09-24 19:52:44,324 - INFO - Success: abra sprites Added !
2023-09-24 19:52:44,547 - INFO - class Pokemon: 64 succefully created !
2023-09-24 19:52:44,730 - INFO - Success: kadabra sprites Added !
2023-09-24 19:52:44,921 - INFO - class Pokemon: 65 succefully created !
2023-09-24 19:52:45,103 - INFO - Success: alakazam sprites Added !
2023-09-24 19:52:45,210 - INFO - class Pokemon: 66 succefully created !
2023-09-24 19:52:45,385 - INFO - Success: machop sprites Added !
2023-09-24 19:52:45,484 - INFO - class Pokemon: 67 succefully created !
2023-09-24 19:52:45,757 - INFO - Success: machoke sprites Added !
2023-09-24 19:52:45,854 - INFO - class Pokemon: 68 succefully created !
2023-09-24 19:52:46,058 - INFO - Success: machamp sprites Added !
2023-09-24 19:52:46,158 - INFO - class Pokemon: 69 succefully created !
2023-09-24 19:52:46,343 - INFO - Success: bellsprout sprites Added !
2023-09-24 19:52:46,544 - INFO - class Pokemon: 70 succefully created !
2023-09-24 19:52:46,727 - INFO - Success: weepinbell sprites Added !
2023-09-24 19:52:46,824 - INFO - class Pokemon: 71 succefully created !
2023-09-24 19:52:47,001 - INFO - Success: victreebel sprites Added !
2023-09-24 19:52:47,101 - INFO - class Pokemon: 72 succefully created !
2023-09-24 19:52:47,307 - INFO - Success: tentacool sprites Added !
2023-09-24 19:52:47,407 - INFO - class Pokemon: 73 succefully created !
2023-09-24 19:52:47,607 - INFO - Success: tentacruel sprites Added !
2023-09-24 19:52:47,704 - INFO - class Pokemon: 74 succefully created !
2023-09-24 19:52:47,878 - INFO - Success: geodude sprites Added !
2023-09-24 19:52:47,975 - INFO - class Pokemon: 75 succefully created !
2023-09-24 19:52:48,213 - INFO - Success: graveler sprites Added !
2023-09-24 19:52:48,404 - INFO - class Pokemon: 76 succefully created !
2023-09-24 19:52:48,617 - INFO - Success: golem sprites Added !
2023-09-24 19:52:48,717 - INFO - class Pokemon: 77 succefully created !
2023-09-24 19:52:49,033 - INFO - Success: ponyta sprites Added !
2023-09-24 19:52:49,124 - INFO - class Pokemon: 78 succefully created !
2023-09-24 19:52:49,324 - INFO - Success: rapidash sprites Added !
2023-09-24 19:52:49,523 - INFO - class Pokemon: 79 succefully created !
2023-09-24 19:52:49,683 - INFO - Success: slowpoke sprites Added !
2023-09-24 19:52:49,775 - INFO - class Pokemon: 80 succefully created !
2023-09-24 19:52:49,946 - INFO - Success: slowbro sprites Added !
2023-09-24 19:52:50,052 - INFO - class Pokemon: 81 succefully created !
2023-09-24 19:52:50,273 - INFO - Success: magnemite sprites Added !
2023-09-24 19:52:50,366 - INFO - class Pokemon: 82 succefully created !
2023-09-24 19:52:50,533 - INFO - Success: magneton sprites Added !
2023-09-24 19:52:50,635 - INFO - class Pokemon: 83 succefully created !
2023-09-24 19:52:50,854 - INFO - Success: farfetchd sprites Added !
2023-09-24 19:52:50,946 - INFO - class Pokemon: 84 succefully created !
2023-09-24 19:52:51,114 - INFO - Success: doduo sprites Added !
2023-09-24 19:52:51,216 - INFO - class Pokemon: 85 succefully created !
2023-09-24 19:52:51,490 - INFO - Success: dodrio sprites Added !
2023-09-24 19:52:51,584 - INFO - class Pokemon: 86 succefully created !
2023-09-24 19:52:51,755 - INFO - Success: seel sprites Added !
2023-09-24 19:52:51,855 - INFO - class Pokemon: 87 succefully created !
2023-09-24 19:52:52,029 - INFO - Success: dewgong sprites Added !
2023-09-24 19:52:52,124 - INFO - class Pokemon: 88 succefully created !
2023-09-24 19:52:52,305 - INFO - Success: grimer sprites Added !
2023-09-24 19:52:52,406 - INFO - class Pokemon: 89 succefully created !
2023-09-24 19:52:52,589 - INFO - Success: muk sprites Added !
2023-09-24 19:52:53,132 - INFO - class Pokemon: 90 succefully created !
2023-09-24 19:52:53,436 - INFO - Success: shellder sprites Added !
2023-09-24 19:52:53,636 - INFO - class Pokemon: 91 succefully created !
2023-09-24 19:52:53,857 - INFO - Success: cloyster sprites Added !
2023-09-24 19:52:53,970 - INFO - class Pokemon: 92 succefully created !
2023-09-24 19:52:54,152 - INFO - Success: gastly sprites Added !
2023-09-24 19:52:54,256 - INFO - class Pokemon: 93 succefully created !
2023-09-24 19:52:54,457 - INFO - Success: haunter sprites Added !
2023-09-24 19:52:54,557 - INFO - class Pokemon: 94 succefully created !
2023-09-24 19:52:54,871 - INFO - Success: gengar sprites Added !
2023-09-24 19:52:54,975 - INFO - class Pokemon: 95 succefully created !
2023-09-24 19:52:55,249 - INFO - Success: onix sprites Added !
2023-09-24 19:52:55,340 - INFO - class Pokemon: 96 succefully created !
2023-09-24 19:52:55,568 - INFO - Success: drowzee sprites Added !
2023-09-24 19:52:55,659 - INFO - class Pokemon: 97 succefully created !
2023-09-24 19:52:55,996 - INFO - Success: hypno sprites Added !
2023-09-24 19:52:56,080 - INFO - class Pokemon: 98 succefully created !
2023-09-24 19:52:56,406 - INFO - Success: krabby sprites Added !
2023-09-24 19:52:56,525 - INFO - class Pokemon: 99 succefully created !
2023-09-24 19:52:56,697 - INFO - Success: kingler sprites Added !
2023-09-24 19:52:56,786 - INFO - class Pokemon: 100 succefully created !
2023-09-24 19:52:56,954 - INFO - Success: voltorb sprites Added !
2023-09-24 19:52:57,049 - INFO - class Pokemon: 101 succefully created !
2023-09-24 19:52:57,225 - INFO - Success: electrode sprites Added !
2023-09-24 19:52:57,312 - INFO - class Pokemon: 102 succefully created !
2023-09-24 19:52:57,484 - INFO - Success: exeggcute sprites Added !
2023-09-24 19:52:57,575 - INFO - class Pokemon: 103 succefully created !
2023-09-24 19:52:57,755 - INFO - Success: exeggutor sprites Added !
2023-09-24 19:52:57,873 - INFO - class Pokemon: 104 succefully created !
2023-09-24 19:52:58,148 - INFO - Success: cubone sprites Added !
2023-09-24 19:52:58,254 - INFO - class Pokemon: 105 succefully created !
2023-09-24 19:52:58,436 - INFO - Success: marowak sprites Added !
2023-09-24 19:52:58,540 - INFO - class Pokemon: 106 succefully created !
2023-09-24 19:52:58,723 - INFO - Success: hitmonlee sprites Added !
2023-09-24 19:52:58,830 - INFO - class Pokemon: 107 succefully created !
2023-09-24 19:52:59,005 - INFO - Success: hitmonchan sprites Added !
2023-09-24 19:52:59,106 - INFO - class Pokemon: 108 succefully created !
2023-09-24 19:52:59,283 - INFO - Success: lickitung sprites Added !
2023-09-24 19:52:59,375 - INFO - class Pokemon: 109 succefully created !
2023-09-24 19:52:59,683 - INFO - Success: koffing sprites Added !
2023-09-24 19:52:59,768 - INFO - class Pokemon: 110 succefully created !
2023-09-24 19:52:59,981 - INFO - Success: weezing sprites Added !
2023-09-24 19:53:00,081 - INFO - class Pokemon: 111 succefully created !
2023-09-24 19:53:00,150 - INFO - Success: rhyhorn sprites Added !
2023-09-24 19:53:00,350 - INFO - class Pokemon: 112 succefully created !
2023-09-24 19:53:00,525 - INFO - Success: rhydon sprites Added !
2023-09-24 19:53:00,626 - INFO - class Pokemon: 113 succefully created !
2023-09-24 19:53:00,804 - INFO - Success: chansey sprites Added !
2023-09-24 19:53:00,894 - INFO - class Pokemon: 114 succefully created !
2023-09-24 19:53:01,077 - INFO - Success: tangela sprites Added !
2023-09-24 19:53:01,178 - INFO - class Pokemon: 115 succefully created !
2023-09-24 19:53:01,371 - INFO - Success: kangaskhan sprites Added !
2023-09-24 19:53:01,571 - INFO - class Pokemon: 116 succefully created !
2023-09-24 19:53:01,832 - INFO - Success: horsea sprites Added !
2023-09-24 19:53:01,925 - INFO - class Pokemon: 117 succefully created !
2023-09-24 19:53:02,157 - INFO - Success: seadra sprites Added !
2023-09-24 19:53:02,245 - INFO - class Pokemon: 118 succefully created !
2023-09-24 19:53:02,420 - INFO - Success: goldeen sprites Added !
2023-09-24 19:53:02,508 - INFO - class Pokemon: 119 succefully created !
2023-09-24 19:53:02,689 - INFO - Success: seaking sprites Added !
2023-09-24 19:53:02,783 - INFO - class Pokemon: 120 succefully created !
2023-09-24 19:53:02,953 - INFO - Success: staryu sprites Added !
2023-09-24 19:53:03,043 - INFO - class Pokemon: 121 succefully created !
2023-09-24 19:53:03,224 - INFO - Success: starmie sprites Added !
2023-09-24 19:53:03,333 - INFO - class Pokemon: 122 succefully created !
2023-09-24 19:53:03,512 - INFO - Success: mr-mime sprites Added !
2023-09-24 19:53:03,620 - INFO - class Pokemon: 123 succefully created !
2023-09-24 19:53:03,828 - INFO - Success: scyther sprites Added !
2023-09-24 19:53:03,923 - INFO - class Pokemon: 124 succefully created !
2023-09-24 19:53:04,096 - INFO - Success: jynx sprites Added !
2023-09-24 19:53:04,286 - INFO - class Pokemon: 125 succefully created !
2023-09-24 19:53:04,462 - INFO - Success: electabuzz sprites Added !
2023-09-24 19:53:04,556 - INFO - class Pokemon: 126 succefully created !
2023-09-24 19:53:04,906 - INFO - Success: magmar sprites Added !
2023-09-24 19:53:05,105 - INFO - class Pokemon: 127 succefully created !
2023-09-24 19:53:05,284 - INFO - Success: pinsir sprites Added !
2023-09-24 19:53:05,383 - INFO - class Pokemon: 128 succefully created !
2023-09-24 19:53:05,622 - INFO - Success: tauros sprites Added !
2023-09-24 19:53:05,825 - INFO - class Pokemon: 129 succefully created !
2023-09-24 19:53:06,004 - INFO - Success: magikarp sprites Added !
2023-09-24 19:53:06,102 - INFO - class Pokemon: 130 succefully created !
2023-09-24 19:53:06,285 - INFO - Success: gyarados sprites Added !
2023-09-24 19:53:06,380 - INFO - class Pokemon: 131 succefully created !
2023-09-24 19:53:06,552 - INFO - Success: lapras sprites Added !
2023-09-24 19:53:06,650 - INFO - class Pokemon: 132 succefully created !
2023-09-24 19:53:06,727 - INFO - Success: ditto sprites Added !
2023-09-24 19:53:06,926 - INFO - class Pokemon: 133 succefully created !
2023-09-24 19:53:07,096 - INFO - Success: eevee sprites Added !
2023-09-24 19:53:07,188 - INFO - class Pokemon: 134 succefully created !
2023-09-24 19:53:07,365 - INFO - Success: vaporeon sprites Added !
2023-09-24 19:53:07,457 - INFO - class Pokemon: 135 succefully created !
2023-09-24 19:53:07,682 - INFO - Success: jolteon sprites Added !
2023-09-24 19:53:07,784 - INFO - class Pokemon: 136 succefully created !
2023-09-24 19:53:07,970 - INFO - Success: flareon sprites Added !
2023-09-24 19:53:08,174 - INFO - class Pokemon: 137 succefully created !
2023-09-24 19:53:08,489 - INFO - Success: porygon sprites Added !
2023-09-24 19:53:08,688 - INFO - class Pokemon: 138 succefully created !
2023-09-24 19:53:08,879 - INFO - Success: omanyte sprites Added !
2023-09-24 19:53:08,983 - INFO - class Pokemon: 139 succefully created !
2023-09-24 19:53:09,168 - INFO - Success: omastar sprites Added !
2023-09-24 19:53:09,271 - INFO - class Pokemon: 140 succefully created !
2023-09-24 19:53:09,617 - INFO - Success: kabuto sprites Added !
2023-09-24 19:53:09,722 - INFO - class Pokemon: 141 succefully created !
2023-09-24 19:53:09,906 - INFO - Success: kabutops sprites Added !
2023-09-24 19:53:10,010 - INFO - class Pokemon: 142 succefully created !
2023-09-24 19:53:10,199 - INFO - Success: aerodactyl sprites Added !
2023-09-24 19:53:10,309 - INFO - class Pokemon: 143 succefully created !
2023-09-24 19:53:10,540 - INFO - Success: snorlax sprites Added !
2023-09-24 19:53:10,646 - INFO - class Pokemon: 144 succefully created !
2023-09-24 19:53:10,830 - INFO - Success: articuno sprites Added !
2023-09-24 19:53:10,943 - INFO - class Pokemon: 145 succefully created !
2023-09-24 19:53:11,120 - INFO - Success: zapdos sprites Added !
2023-09-24 19:53:11,320 - INFO - class Pokemon: 146 succefully created !
2023-09-24 19:53:11,508 - INFO - Success: moltres sprites Added !
2023-09-24 19:53:11,717 - INFO - class Pokemon: 147 succefully created !
2023-09-24 19:53:11,938 - INFO - Success: dratini sprites Added !
2023-09-24 19:53:12,048 - INFO - class Pokemon: 148 succefully created !
2023-09-24 19:53:12,233 - INFO - Success: dragonair sprites Added !
2023-09-24 19:53:12,336 - INFO - class Pokemon: 149 succefully created !
2023-09-24 19:53:12,627 - INFO - Success: dragonite sprites Added !
2023-09-24 19:53:12,726 - INFO - class Pokemon: 150 succefully created !
2023-09-24 19:53:13,097 - INFO - Success: mewtwo sprites Added !
2023-09-24 19:53:13,189 - INFO - class Pokemon: 151 succefully created !
2023-09-24 19:53:13,406 - INFO - Success: mew sprites Added !
